18:13:01.753 [main] ERROR apiutilities.apicommon.ExcelUtil - null web driver is not quit
18:13:01.754 [main] ERROR apiutilities.apicommon.APIMaster - null Error while fetching
18:13:14.280 [main] INFO  a.apihelpers.APIController - [apiutilities.apihelpers.APIController.executeAPI(APIController.java:36), apiutilities.apihelpers.TestCaseHelper.executeTestCases(TestCaseHelper.java:140), apitests.testng.booking.TestBookingNew2.createToken(TestBookingNew2.java:43), java.base/jdk.internal.reflect.NativeMethodAccessorImpl.invoke0(Native Method), java.base/jdk.internal.reflect.NativeMethodAccessorImpl.invoke(NativeMethodAccessorImpl.java:62), java.base/jdk.internal.reflect.DelegatingMethodAccessorImpl.invoke(DelegatingMethodAccessorImpl.java:43), java.base/java.lang.reflect.Method.invoke(Method.java:566), org.testng.internal.MethodInvocationHelper.invokeMethod(MethodInvocationHelper.java:133), org.testng.internal.TestInvoker.invokeMethod(TestInvoker.java:598), org.testng.internal.TestInvoker.invokeTestMethod(TestInvoker.java:173), org.testng.internal.MethodRunner.runInSequence(MethodRunner.java:46), org.testng.internal.TestInvoker$MethodInvocationAgent.invoke(TestInvoker.java:824), org.testng.internal.TestInvoker.invokeTestMethods(TestInvoker.java:146), org.testng.internal.TestMethodWorker.invokeTestMethods(TestMethodWorker.java:146), org.testng.internal.TestMethodWorker.run(TestMethodWorker.java:128), java.base/java.util.ArrayList.forEach(ArrayList.java:1541), org.testng.TestRunner.privateRun(TestRunner.java:794), org.testng.TestRunner.run(TestRunner.java:596), org.testng.SuiteRunner.runTest(SuiteRunner.java:377), org.testng.SuiteRunner.runSequentially(SuiteRunner.java:371), org.testng.SuiteRunner.privateRun(SuiteRunner.java:332), org.testng.SuiteRunner.run(SuiteRunner.java:276), org.testng.SuiteRunnerWorker.runSuite(SuiteRunnerWorker.java:53), org.testng.SuiteRunnerWorker.run(SuiteRunnerWorker.java:96), org.testng.TestNG.runSuitesSequentially(TestNG.java:1212), org.testng.TestNG.runSuitesLocally(TestNG.java:1134), org.testng.TestNG.runSuites(TestNG.java:1063), org.testng.TestNG.run(TestNG.java:1031), org.testng.remote.AbstractRemoteTestNG.run(AbstractRemoteTestNG.java:115), org.testng.remote.RemoteTestNG.initAndRun(RemoteTestNG.java:251), org.testng.remote.RemoteTestNG.main(RemoteTestNG.java:77)]
FAILED: createToken
java.lang.NullPointerException
	at apiutilities.reports.ExtentReport.addTestStep(ExtentReport.java:121)
	at apiutilities.apihelpers.TestCaseHelper.executeTestCases(TestCaseHelper.java:141)
	at apitests.testng.booking.TestBookingNew2.createToken(TestBookingNew2.java:43)
	at java.base/jdk.internal.reflect.NativeMethodAccessorImpl.invoke0(Native Method)
	at java.base/jdk.internal.reflect.NativeMethodAccessorImpl.invoke(NativeMethodAccessorImpl.java:62)
	at java.base/jdk.internal.reflect.DelegatingMethodAccessorImpl.invoke(DelegatingMethodAccessorImpl.java:43)
	at java.base/java.lang.reflect.Method.invoke(Method.java:566)
	at org.testng.internal.MethodInvocationHelper.invokeMethod(MethodInvocationHelper.java:133)
	at org.testng.internal.TestInvoker.invokeMethod(TestInvoker.java:598)
	at org.testng.internal.TestInvoker.invokeTestMethod(TestInvoker.java:173)
	at org.testng.internal.MethodRunner.runInSequence(MethodRunner.java:46)
	at org.testng.internal.TestInvoker$MethodInvocationAgent.invoke(TestInvoker.java:824)
	at org.testng.internal.TestInvoker.invokeTestMethods(TestInvoker.java:146)
	at org.testng.internal.TestMethodWorker.invokeTestMethods(TestMethodWorker.java:146)
	at org.testng.internal.TestMethodWorker.run(TestMethodWorker.java:128)
	at java.base/java.util.ArrayList.forEach(ArrayList.java:1541)
	at org.testng.TestRunner.privateRun(TestRunner.java:794)
	at org.testng.TestRunner.run(TestRunner.java:596)
	at org.testng.SuiteRunner.runTest(SuiteRunner.java:377)
	at org.testng.SuiteRunner.runSequentially(SuiteRunner.java:371)
	at org.testng.SuiteRunner.privateRun(SuiteRunner.java:332)
	at org.testng.SuiteRunner.run(SuiteRunner.java:276)
	at org.testng.SuiteRunnerWorker.runSuite(SuiteRunnerWorker.java:53)
	at org.testng.SuiteRunnerWorker.run(SuiteRunnerWorker.java:96)
	at org.testng.TestNG.runSuitesSequentially(TestNG.java:1212)
	at org.testng.TestNG.runSuitesLocally(TestNG.java:1134)
	at org.testng.TestNG.runSuites(TestNG.java:1063)
	at org.testng.TestNG.run(TestNG.java:1031)
	at org.testng.remote.AbstractRemoteTestNG.run(AbstractRemoteTestNG.java:115)
	at org.testng.remote.RemoteTestNG.initAndRun(RemoteTestNG.java:251)
	at org.testng.remote.RemoteTestNG.main(RemoteTestNG.java:77)


===============================================
    Default test
    Tests run: 1, Failures: 1, Skips: 0
===============================================

18:13:15.077 [main] INFO  reportutilities.common.ReportCommon - Index 0 out of bounds for length 0
18:13:15.078 [main] INFO  reportutilities.common.ReportCommon - [java.base/jdk.internal.util.Preconditions.outOfBounds(Preconditions.java:64), java.base/jdk.internal.util.Preconditions.outOfBoundsCheckIndex(Preconditions.java:70), java.base/jdk.internal.util.Preconditions.checkIndex(Preconditions.java:248), java.base/java.util.Objects.checkIndex(Objects.java:372), java.base/java.util.ArrayList.get(ArrayList.java:459), reportutilities.common.ReportCommon.setDuration(ReportCommon.java:404), reportutilities.common.ReportCommon.createTestCaseResult(ReportCommon.java:384), reportutilities.common.ReportCommon.calculateTestCaseResults(ReportCommon.java:368), uitests.testng.common.TestNGCommon.testRunTearDown(TestNGCommon.java:130), java.base/jdk.internal.reflect.NativeMethodAccessorImpl.invoke0(Native Method), java.base/jdk.internal.reflect.NativeMethodAccessorImpl.invoke(NativeMethodAccessorImpl.java:62), java.base/jdk.internal.reflect.DelegatingMethodAccessorImpl.invoke(DelegatingMethodAccessorImpl.java:43), java.base/java.lang.reflect.Method.invoke(Method.java:566), org.testng.internal.MethodInvocationHelper.invokeMethod(MethodInvocationHelper.java:133), org.testng.internal.MethodInvocationHelper.invokeMethodConsideringTimeout(MethodInvocationHelper.java:62), org.testng.internal.ConfigInvoker.invokeConfigurationMethod(ConfigInvoker.java:385), org.testng.internal.ConfigInvoker.invokeConfigurations(ConfigInvoker.java:321), org.testng.SuiteRunner.privateRun(SuiteRunner.java:344), org.testng.SuiteRunner.run(SuiteRunner.java:276), org.testng.SuiteRunnerWorker.runSuite(SuiteRunnerWorker.java:53), org.testng.SuiteRunnerWorker.run(SuiteRunnerWorker.java:96), org.testng.TestNG.runSuitesSequentially(TestNG.java:1212), org.testng.TestNG.runSuitesLocally(TestNG.java:1134), org.testng.TestNG.runSuites(TestNG.java:1063), org.testng.TestNG.run(TestNG.java:1031), org.testng.remote.AbstractRemoteTestNG.run(AbstractRemoteTestNG.java:115), org.testng.remote.RemoteTestNG.initAndRun(RemoteTestNG.java:251), org.testng.remote.RemoteTestNG.main(RemoteTestNG.java:77)]
18:13:15.079 [main] ERROR uitests.testng.common.TestNGCommon - null Failed to compute the test case details
18:13:15.267 [main] INFO  r.htmlreport.HTMLReports - Initial ReportPath: D:\Users\supriya.ponugu\Documents\CAReS_New_actual\CARES---Selenium-Automation/Results/09_20_2024/Run_06_09_06_006
18:13:15.267 [main] INFO  r.htmlreport.HTMLReports - Final ReportPath: D:\Users\supriya.ponugu\Documents\CAReS_New_actual\CARES---Selenium-Automation/Results/09_20_2024/Run_06_09_06_006/HTML_Report_Summary.html
18:13:15.267 [main] INFO  r.htmlreport.HTMLReports - Alternate ReportPath2: D:\Users\supriya.ponugu\Documents\CAReS_New_actual\CARES---Selenium-Automation/Results/09_20_2024/Run_06_09_06_006/HTML_Report_Summary.html\..\..\../HTML_Report_Summary.html

===============================================
Default suite
Total tests run: 1, Passes: 0, Failures: 1, Skips: 0
===============================================

https://cacwds--v1sit.sandbox.my.salesforce.com/services/oauth2/token?grant_type=authorization_code&client_id=3MVG9BiWFlgZEySWjz_weczaxR5Y7tquQH16FrBh.ZLCUq9CMtAax1_WmZg6X.CxCR3jTbABMVIr9ru8VuVP3&client_secret=C7EEB59AD75E30CA51237D4B0D8367D43A4F7659CAD46568D573D5A06FD7BDCC&code=aPrx_RSN_V4fQF7bhmVk8CeZo4lrVxcsUjAx.VDv_JqWzI5jh4NLcQLxrQinkLZiFf9D096i1g%3D%3D&redirect_uri=https://localhost.com

 // Replace access_code with the value of the code variable
        String updatedServiceURL = serviceURL.replace("access_code", code);

https://cacwds--v1sit.sandbox.lightning.force.com/services/oauth2/authorize?response_type=code&client_id=3MVG9BiWFlgZEySWjz_weczaxR5Y7tquQH16FrBh.ZLCUq9CMtAax1_WmZg6X.CxCR3jTbABMVIr9ru8VuVP3&redirect_uri=https://localhost.com 

https://localhost.com/?code=aPrx_RSN_V4fQF7bhmVk8CeZo9FsWrUwBe_034.HCMPBKHepiyRGN2nV0BMpaz6cVZwgemX3gg%3D%3D
----------------------------------
AKIATUN7DX67GHGPRJ54
W/P8EuPcmBdbKw0AUi9
cONV3qMD5sQxry9hR+z46
------------------------------------------------
FAILED CONFIGURATION: @BeforeMethod setUpReport
org.openqa.selenium.WebDriverException: Unable to parse remote response: Unable to find resource, invalid path in url.
	at org.openqa.selenium.remote.ProtocolHandshake.createSession(ProtocolHandshake.java:115)
	at org.openqa.selenium.remote.ProtocolHandshake.createSession(ProtocolHandshake.java:74)
	at org.openqa.selenium.remote.HttpCommandExecutor.execute(HttpCommandExecutor.java:136)
	at org.openqa.selenium.remote.RemoteWebDriver.execute(RemoteWebDriver.java:552)
	at org.openqa.selenium.remote.RemoteWebDriver.startSession(RemoteWebDriver.java:213)
	at org.openqa.selenium.remote.RemoteWebDriver.<init>(RemoteWebDriver.java:131)
	at org.openqa.selenium.remote.RemoteWebDriver.<init>(RemoteWebDriver.java:144)
	at uitests.testng.common.TestNGCommon.initializeDriver(TestNGCommon.java:212)
	at uitests.testng.milestone2.T4116.setUpReport(T4116.java:47)
	at java.base/jdk.internal.reflect.NativeMethodAccessorImpl.invoke0(Native Method)
	at java.base/jdk.internal.reflect.NativeMethodAccessorImpl.invoke(NativeMethodAccessorImpl.java:62)
	at java.base/jdk.internal.reflect.DelegatingMethodAccessorImpl.invoke(DelegatingMethodAccessorImpl.java:43)
	at java.base/java.lang.reflect.Method.invoke(Method.java:566)
	at org.testng.internal.MethodInvocationHelper.invokeMethod(MethodInvocationHelper.java:133)
	at org.testng.internal.MethodInvocationHelper.invokeMethodConsideringTimeout(MethodInvocationHelper.java:62)
	at org.testng.internal.ConfigInvoker.invokeConfigurationMethod(ConfigInvoker.java:385)
	at org.testng.internal.ConfigInvoker.invokeConfigurations(ConfigInvoker.java:321)
	at org.testng.internal.TestInvoker.runConfigMethods(TestInvoker.java:700)
	at org.testng.internal.TestInvoker.invokeMethod(TestInvoker.java:527)
	at org.testng.internal.TestInvoker.invokeTestMethod(TestInvoker.java:173)
	at org.testng.internal.MethodRunner.runInSequence(MethodRunner.java:46)
	at org.testng.internal.TestInvoker$MethodInvocationAgent.invoke(TestInvoker.java:824)
	at org.testng.internal.TestInvoker.invokeTestMethods(TestInvoker.java:146)
	at org.testng.internal.TestMethodWorker.invokeTestMethods(TestMethodWorker.java:146)
	at org.testng.internal.TestMethodWorker.run(TestMethodWorker.java:128)
	at java.base/java.util.ArrayList.forEach(ArrayList.java:1541)
	at org.testng.TestRunner.privateRun(TestRunner.java:794)
	at org.testng.TestRunner.run(TestRunner.java:596)
	at org.testng.SuiteRunner.runTest(SuiteRunner.java:377)
	at org.testng.SuiteRunner.runSequentially(SuiteRunner.java:371)
	at org.testng.SuiteRunner.privateRun(SuiteRunner.java:332)
	at org.testng.SuiteRunner.run(SuiteRunner.java:276)
	at org.testng.SuiteRunnerWorker.runSuite(SuiteRunnerWorker.java:53)
	at org.testng.SuiteRunnerWorker.run(SuiteRunnerWorker.java:96)
	at org.testng.TestNG.runSuitesSequentially(TestNG.java:1212)
	at org.testng.TestNG.runSuitesLocally(TestNG.java:1134)
	at org.testng.TestNG.runSuites(TestNG.java:1063)
	at org.testng.TestNG.run(TestNG.java:1031)
	at org.testng.remote.AbstractRemoteTestNG.run(AbstractRemoteTestNG.java:115)
	at org.testng.remote.RemoteTestNG.initAndRun(RemoteTestNG.java:251)
	at org.testng.remote.RemoteTestNG.main(RemoteTestNG.java:77)
Caused by: org.openqa.selenium.json.JsonException: Unable to determine type from: U. Last 1 characters read: U
Build info: version: '3.141.59', revision: 'e82be7d358', time: '2018-11-14T08:17:03'
System info: host: 'WSAMZN-UPGC9Q4N', ip: '10.211.218.9', os.name: 'Windows Server 2019', os.arch: 'amd64', os.version: '10.0', java.version: '11.0.17'
Driver info: driver.version: RemoteWebDriver


---------------------------------
ChromeOptions options = new ChromeOptions();
                    options.setAcceptInsecureCerts(true);
                    options.addArguments("start-maximized"); // open Browser in maximized mode
                    options.addArguments("disable-infobars"); // disabling infobars
                    options.addArguments("--disable-extensions"); // disabling extensions
                    options.addArguments("--disable-gpu"); // applicable to windows os only
                    options.addArguments("--disable-dev-shm-usage"); // overcome limited resource problems
                    options.addArguments("--no-sandbox"); // Bypass OS security model
                    options.addArguments("--headless");
                    options.addArguments("--window-size=2000,2000");
                    //PDF configuration
                    preferences.put("plugins.always_open_pdf_externally", true);
                    preferences.put("profile.default_content_settings.popups", 0);
                    preferences.put("download.default_directory", Path); // Set the path accordingly
                    preferences.put("download.prompt_for_download", false);
                    preferences.put("download.directory_upgrade", true);
                    options.setExperimentalOption("prefs", preferences);
                    DesiredCapabilities capability = new DesiredCapabilities();
                    capability.setBrowserName("chrome");
                    capability.setCapability(ChromeOptions.CAPABILITY, options);
                    driver = new RemoteWebDriver(new URL(KeywordTestSettings.GridURL), capability);

------------------------------------------------
private Map<String, String> getHeaderDataAuthorization() {
		Map<String, String> headerData = new HashMap<>();

		try {
			// Set the Authorization header with the Bearer token
			headerData.put("Authorization", "Bearer " + PrjConstants.getBearerToken());

			// You can add more headers if needed
		//	headerData.put("Content-Type", "application/json");
		//	headerData.put("Accept", "application/json");

		} catch (Exception e) {
			logger.error("Error while setting the header data: {}", e.getMessage());
		}

		return headerData;
	}
	Map<String, String> headerData = getHeaderDataAuthorization();
	Map<String, String> headerData = getHeaderDataAuthorization();


{"access_token":"00D3S0000008hTo!ASAAQBMCzyLIG.FD4esHFyfIBt0CasHQlzbAJEJS_Ey4mhXf6B9diaoZKG9_XsNrDGWRnG7uBodJDT07eTm5yUuD51zpKKZy","refresh_token":"5Aep861YbQ2WNspBqH_5Ceopjo8.Xw0Ow0De0uZ0sM7m7BAstFf9ZoAmJNtyFVZMh3iExvcFA0901.NL5.GMIag","signature":"fvwLh7JcfLIIM+47l+BsU+R9tn+z1csIB2E/acyNjGg=","scope":"refresh_token web openid api full","id_token":"eyJraWQiOiIyNTIiLCJ0eXAiOiJKV1QiLCJhbGciOiJSUzI1NiJ9.eyJhdF9oYXNoIjoiZWF0R25rdDVreUc2Y3N1LTIyeDhZQSIsInN1YiI6Imh0dHBzOi8vdGVzdC5zYWxlc2ZvcmNlLmNvbS9pZC8wMEQzUzAwMDAwMDhoVG9VQUkvMDA1M1MwMDAwMDE3bVQyUUFJIiwiYXVkIjoiM01WRzlCaVdGbGdaRXlTV2p6X3dlY3pheFI1WTd0cXVRSDE2RnJCaC5aTENVcTlDTXRBYXgxX1dtWmc2WC5DeENSM2pUYkFCTVZJcjlydThWdVZQMyIsImlzcyI6Imh0dHBzOi8vY2Fjd2RzLS12MXNpdC5zYW5kYm94Lm15LnNhbGVzZm9yY2UuY29tIiwiZXhwIjoxNzI3MjQ4MDkxLCJpYXQiOjE3MjcyNDc5NzF9.Vy3aOloq-1lAy3SW9kzB-TMv3m2fOKN61-M5BuPOMRbRE_OzudT4eDcx4f-2tnGzIM75a0vsCgx7N9ojHEe3R8peOoLIQUiD-Fs3wqlzLwp_n1MAXqG-wwmSkI5mCRQQD9CTcpV7s2t0GtSGQIt_nYjsGbjkbT_TH9GEJLGYB7KbphSS9OVJQhgjygNTC6T9TpSYr7pAjKofs3kldQZb0y_ALRe-r_JddaLCqhs-owzwKUvsoDh8jgf84k0Or-0x0swwovV-XUnyZyYuw5n4yRhKIaz3A-wN2FhbFnMV6amSjhyikSHOijEGORRzJRanirSOu885jOfq_1TlS9uc7nP4_BSdMmtg3C4RE9sJ_B4rkQl-PKWBqmIs88DTWpidTJUQ2NmfBGDYDp1HYJxjdMhWHmKU_t_Nt5MWfAFGWT0i9Q3IQaJPPGvpPPJVjH3TUW6fOYOKuTzc3YqeQUkOVl1K2OOk10ZvUyDEHi6WG5rfhdtchooVmd7PoJ_uuf_2H7zbcC-VOPReDjkk4VKyEQf2VD-pNeHbl--ZYHPua3WRnAQYhgGds-QTmgsZib_Ge3K-kVuFD0T2EtCy87Q3S_i1Ofye5_XAQsSikjYHQm7XncVD2s9ho_31OA7rl6t0pUq8V5yaKt8-qISxfqIsshmfBj4Tn0Jui-TcXPHErN0","instance_url":"https://cacwds--v1sit.sandbox.my.salesforce.com","id":"https://test.salesforce.com/id/00D3S0000008hToUAI/0053S0000017mT2QAI","token_type":"Bearer","issued_at":"1727247971921"}

	if(response.statusCode()==200)
				{
					if(response.getBody().asString().contains("access_token"))
					{
						String jsonResponse = response.getBody().asString();
						JSONObject jsonobject = new JSONObject(jsonResponse);
						String bToken = jsonobject.getString("access_token");
						PrjConstants.setBearerToken(bToken);
						
					}
					apiReportModels = extracted(testcase, moduleName,  iteration,  response,
							iModel,  expectedResponse, apiReportModel);
				}
